<?xml version="1.0" encoding="UTF-8"?>
<!-- Generated by org.testng.reporters.JUnitReportReporter -->
<testsuite skipped="0" hostname="DESKTOP-953G68F" name="miniproject_Runner.TestRunner2" tests="1" failures="0" timestamp="2020-04-12T11:04:16 IST" time="19.622" errors="0">
  <testcase name="login" time="19.622" classname="miniproject_Runner.TestRunner2"/>
  <system-out/>
</testsuite> <!-- miniproject_Runner.TestRunner2 -->
