<?xml version="1.0" encoding="UTF-8"?>
<!-- Generated by org.testng.reporters.JUnitReportReporter -->
<testsuite skipped="0" hostname="DESKTOP-953G68F" name="miniproject_Runner.TestRunner4" tests="1" failures="0" timestamp="2020-04-12T11:04:16 IST" time="33.942" errors="0">
  <testcase name="login" time="33.942" classname="miniproject_Runner.TestRunner4"/>
  <system-out/>
</testsuite> <!-- miniproject_Runner.TestRunner4 -->
