<?xml version="1.0" encoding="UTF-8"?>
<!-- Generated by org.testng.reporters.JUnitReportReporter -->
<testsuite skipped="0" hostname="DESKTOP-953G68F" name="miniproject_Runner.TestRunner" tests="1" failures="0" timestamp="2020-04-12T11:04:16 IST" time="34.765" errors="0">
  <testcase name="login" time="34.765" classname="miniproject_Runner.TestRunner"/>
  <system-out/>
</testsuite> <!-- miniproject_Runner.TestRunner -->
